/home/balevision/workspace/bleviet/ipcraft-vscode/src/webview/ipcore/components/sections/BusInterfacesEditor.tsx:72:41: Prefer using nullish coalescing operator (`??`) instead of a logical or (`||`), as it is a safer operator. [Warning/@typescript-eslint/prefer-nullish-coalescing]
/home/balevision/workspace/bleviet/ipcraft-vscode/src/webview/ipcore/components/sections/BusInterfacesEditor.tsx:73:46: Prefer using nullish coalescing operator (`??`) instead of a logical or (`||`), as it is a safer operator. [Warning/@typescript-eslint/prefer-nullish-coalescing]
/home/balevision/workspace/bleviet/ipcraft-vscode/src/webview/ipcore/components/sections/BusInterfacesEditor.tsx:74:49: Prefer using nullish coalescing operator (`??`) instead of a logical or (`||`), as it is a safer operator. [Warning/@typescript-eslint/prefer-nullish-coalescing]
/home/balevision/workspace/bleviet/ipcraft-vscode/src/webview/ipcore/components/sections/BusInterfacesEditor.tsx:218:56: Prefer using nullish coalescing operator (`??`) instead of a logical or (`||`), as it is a safer operator. [Warning/@typescript-eslint/prefer-nullish-coalescing]
/home/balevision/workspace/bleviet/ipcraft-vscode/src/webview/ipcore/components/sections/BusInterfacesEditor.tsx:255:57: Prefer using nullish coalescing operator (`??`) instead of a logical or (`||`), as it is a safer operator. [Warning/@typescript-eslint/prefer-nullish-coalescing]
/home/balevision/workspace/bleviet/ipcraft-vscode/src/webview/ipcore/components/sections/BusInterfacesEditor.tsx:355:52: Prefer using nullish coalescing operator (`??`) instead of a logical or (`||`), as it is a safer operator. [Warning/@typescript-eslint/prefer-nullish-coalescing]
/home/balevision/workspace/bleviet/ipcraft-vscode/src/webview/ipcore/components/sections/BusInterfacesEditor.tsx:391:32: Prefer using nullish coalescing operator (`??`) instead of a logical or (`||`), as it is a safer operator. [Warning/@typescript-eslint/prefer-nullish-coalescing]
/home/balevision/workspace/bleviet/ipcraft-vscode/src/webview/ipcore/components/sections/BusInterfacesEditor.tsx:523:71: Prefer using nullish coalescing operator (`??`) instead of a logical or (`||`), as it is a safer operator. [Warning/@typescript-eslint/prefer-nullish-coalescing]
/home/balevision/workspace/bleviet/ipcraft-vscode/src/webview/ipcore/components/sections/BusInterfacesEditor.tsx:592:9: Prefer using an optional chain expression instead, as it's more concise and easier to read. [Warning/@typescript-eslint/prefer-optional-chain]
/home/balevision/workspace/bleviet/ipcraft-vscode/src/webview/ipcore/components/sections/BusInterfacesEditor.tsx:927:67: Prefer using nullish coalescing operator (`??`) instead of a logical or (`||`), as it is a safer operator. [Warning/@typescript-eslint/prefer-nullish-coalescing]
/home/balevision/workspace/bleviet/ipcraft-vscode/src/webview/ipcore/components/sections/BusInterfacesEditor.tsx:927:112: Prefer using nullish coalescing operator (`??`) instead of a logical or (`||`), as it is a safer operator. [Warning/@typescript-eslint/prefer-nullish-coalescing]
/home/balevision/workspace/bleviet/ipcraft-vscode/src/webview/ipcore/components/sections/BusInterfacesEditor.tsx:944:67: Prefer using nullish coalescing operator (`??`) instead of a logical or (`||`), as it is a safer operator. [Warning/@typescript-eslint/prefer-nullish-coalescing]
/home/balevision/workspace/bleviet/ipcraft-vscode/src/webview/ipcore/components/sections/BusInterfacesEditor.tsx:944:110: Prefer using nullish coalescing operator (`??`) instead of a logical or (`||`), as it is a safer operator. [Warning/@typescript-eslint/prefer-nullish-coalescing]
/home/balevision/workspace/bleviet/ipcraft-vscode/src/webview/ipcore/components/sections/BusInterfacesEditor.tsx:1041:49: Prefer using nullish coalescing operator (`??`) instead of a logical or (`||`), as it is a safer operator. [Warning/@typescript-eslint/prefer-nullish-coalescing]
/home/balevision/workspace/bleviet/ipcraft-vscode/src/webview/ipcore/components/sections/BusInterfacesEditor.tsx:1048:73: Prefer using nullish coalescing operator (`??`) instead of a logical or (`||`), as it is a safer operator. [Warning/@typescript-eslint/prefer-nullish-coalescing]
/home/balevision/workspace/bleviet/ipcraft-vscode/src/webview/ipcore/components/sections/BusInterfacesEditor.tsx:1077:54: Prefer using nullish coalescing operator (`??`) instead of a logical or (`||`), as it is a safer operator. [Warning/@typescript-eslint/prefer-nullish-coalescing]
/home/balevision/workspace/bleviet/ipcraft-vscode/src/webview/ipcore/components/sections/BusInterfacesEditor.tsx:1120:54: Prefer using nullish coalescing operator (`??`) instead of a logical or (`||`), as it is a safer operator. [Warning/@typescript-eslint/prefer-nullish-coalescing]
/home/balevision/workspace/bleviet/ipcraft-vscode/src/webview/ipcore/components/sections/BusInterfacesEditor.tsx:1164:65: Prefer using nullish coalescing operator (`??`) instead of a logical or (`||`), as it is a safer operator. [Warning/@typescript-eslint/prefer-nullish-coalescing]
/home/balevision/workspace/bleviet/ipcraft-vscode/src/webview/ipcore/components/sections/BusInterfacesEditor.tsx:1188:63: Prefer using nullish coalescing operator (`??`) instead of a logical or (`||`), as it is a safer operator. [Warning/@typescript-eslint/prefer-nullish-coalescing]
/home/balevision/workspace/bleviet/ipcraft-vscode/src/webview/ipcore/components/sections/BusInterfacesEditor.tsx:1188:92: Prefer using nullish coalescing operator (`??`) instead of a logical or (`||`), as it is a safer operator. [Warning/@typescript-eslint/prefer-nullish-coalescing]
/home/balevision/workspace/bleviet/ipcraft-vscode/src/webview/ipcore/components/sections/BusInterfacesEditor.tsx:1235:71: Prefer using nullish coalescing operator (`??`) instead of a logical or (`||`), as it is a safer operator. [Warning/@typescript-eslint/prefer-nullish-coalescing]
/home/balevision/workspace/bleviet/ipcraft-vscode/src/webview/ipcore/components/sections/BusInterfacesEditor.tsx:1245:59: Prefer using nullish coalescing operator (`??`) instead of a logical or (`||`), as it is a safer operator. [Warning/@typescript-eslint/prefer-nullish-coalescing]
/home/balevision/workspace/bleviet/ipcraft-vscode/src/webview/ipcore/components/sections/BusInterfacesEditor.tsx:1276:47: Unexpected any. Specify a different type. [Warning/@typescript-eslint/no-explicit-any]
/home/balevision/workspace/bleviet/ipcraft-vscode/src/webview/ipcore/components/sections/BusInterfacesEditor.tsx:1278:50: Unsafe assignment of an `any` value. [Warning/@typescript-eslint/no-unsafe-assignment]
/home/balevision/workspace/bleviet/ipcraft-vscode/src/webview/ipcore/components/sections/BusInterfacesEditor.tsx:1278:50: Unsafe member access .name on an `any` value. [Warning/@typescript-eslint/no-unsafe-member-access]
/home/balevision/workspace/bleviet/ipcraft-vscode/src/webview/ipcore/components/sections/BusInterfacesEditor.tsx:1279:52: Unsafe assignment of an `any` value. [Warning/@typescript-eslint/no-unsafe-assignment]
/home/balevision/workspace/bleviet/ipcraft-vscode/src/webview/ipcore/components/sections/BusInterfacesEditor.tsx:1279:52: Unsafe member access .name on an `any` value. [Warning/@typescript-eslint/no-unsafe-member-access]
/home/balevision/workspace/bleviet/ipcraft-vscode/src/webview/ipcore/components/sections/BusInterfacesEditor.tsx:1281:46: Unsafe member access .name on an `any` value. [Warning/@typescript-eslint/no-unsafe-member-access]
/home/balevision/workspace/bleviet/ipcraft-vscode/src/webview/ipcore/components/sections/BusInterfacesEditor.tsx:1291:43: Unexpected any. Specify a different type. [Warning/@typescript-eslint/no-explicit-any]
/home/balevision/workspace/bleviet/ipcraft-vscode/src/webview/ipcore/components/sections/BusInterfacesEditor.tsx:1291:51: Unsafe member access .name on an `any` value. [Warning/@typescript-eslint/no-unsafe-member-access]
/home/balevision/workspace/bleviet/ipcraft-vscode/src/webview/ipcore/components/sections/BusInterfacesEditor.tsx:1410:37: Forbidden non-null assertion. [Warning/@typescript-eslint/no-non-null-assertion]
/home/balevision/workspace/bleviet/ipcraft-vscode/src/webview/ipcore/components/sections/BusInterfacesEditor.tsx:1497:37: Forbidden non-null assertion. [Warning/@typescript-eslint/no-non-null-assertion]
/home/balevision/workspace/bleviet/ipcraft-vscode/src/webview/ipcore/components/sections/BusInterfacesEditor.tsx:1585:37: Forbidden non-null assertion. [Warning/@typescript-eslint/no-non-null-assertion]
/home/balevision/workspace/bleviet/ipcraft-vscode/src/webview/ipcore/components/sections/BusInterfacesEditor.tsx:1585:62: Prefer using nullish coalescing operator (`??`) instead of a logical or (`||`), as it is a safer operator. [Warning/@typescript-eslint/prefer-nullish-coalescing]
/home/balevision/workspace/bleviet/ipcraft-vscode/src/webview/ipcore/components/sections/BusInterfacesEditor.tsx:1599:58: Prefer using nullish coalescing operator (`??`) instead of a logical or (`||`), as it is a safer operator. [Warning/@typescript-eslint/prefer-nullish-coalescing]
/home/balevision/workspace/bleviet/ipcraft-vscode/src/webview/ipcore/components/sections/BusInterfacesEditor.tsx:1677:37: Forbidden non-null assertion. [Warning/@typescript-eslint/no-non-null-assertion]
/home/balevision/workspace/bleviet/ipcraft-vscode/src/webview/ipcore/components/sections/BusInterfacesEditor.tsx:1677:70: Prefer using nullish coalescing operator (`??`) instead of a logical or (`||`), as it is a safer operator. [Warning/@typescript-eslint/prefer-nullish-coalescing]
/home/balevision/workspace/bleviet/ipcraft-vscode/src/webview/ipcore/components/sections/BusInterfacesEditor.tsx:1691:66: Prefer using nullish coalescing operator (`??`) instead of a logical or (`||`), as it is a safer operator. [Warning/@typescript-eslint/prefer-nullish-coalescing]
/home/balevision/workspace/bleviet/ipcraft-vscode/src/webview/ipcore/components/sections/BusInterfacesEditor.tsx:1764:40: Prefer using nullish coalescing operator (`??`) instead of a logical or (`||`), as it is a safer operator. [Warning/@typescript-eslint/prefer-nullish-coalescing]
/home/balevision/workspace/bleviet/ipcraft-vscode/src/webview/ipcore/components/sections/BusInterfacesEditor.tsx:1812:61: Prefer using nullish coalescing operator (`??`) instead of a logical or (`||`), as it is a safer operator. [Warning/@typescript-eslint/prefer-nullish-coalescing]
/home/balevision/workspace/bleviet/ipcraft-vscode/src/webview/ipcore/components/sections/BusInterfacesEditor.tsx:1889:61: Prefer using nullish coalescing operator (`??`) instead of a logical or (`||`), as it is a safer operator. [Warning/@typescript-eslint/prefer-nullish-coalescing]
/home/balevision/workspace/bleviet/ipcraft-vscode/src/webview/ipcore/components/sections/BusInterfacesEditor.tsx:1996:54: Prefer using nullish coalescing operator (`??`) instead of a logical or (`||`), as it is a safer operator. [Warning/@typescript-eslint/prefer-nullish-coalescing]
/home/balevision/workspace/bleviet/ipcraft-vscode/src/webview/ipcore/components/sections/BusInterfacesEditor.tsx:2009:51: Prefer using nullish coalescing operator (`??`) instead of a logical or (`||`), as it is a safer operator. [Warning/@typescript-eslint/prefer-nullish-coalescing]
/home/balevision/workspace/bleviet/ipcraft-vscode/src/webview/ipcore/components/sections/BusInterfacesEditor.tsx:2024:53: Prefer using nullish coalescing operator (`??`) instead of a logical or (`||`), as it is a safer operator. [Warning/@typescript-eslint/prefer-nullish-coalescing]

44 problems
