/home/balevision/workspace/bleviet/ipcraft-vscode/src/webview/components/Outline.tsx:22:42: Expected { after 'if' condition. [Error/curly]
/home/balevision/workspace/bleviet/ipcraft-vscode/src/webview/components/Outline.tsx:501:43: This assertion is unnecessary since it does not change the type of the expression. [Warning/@typescript-eslint/no-unnecessary-type-assertion]
/home/balevision/workspace/bleviet/ipcraft-vscode/src/webview/components/Outline.tsx:556:72: Unexpected any. Specify a different type. [Warning/@typescript-eslint/no-explicit-any]
/home/balevision/workspace/bleviet/ipcraft-vscode/src/webview/components/Outline.tsx:557:32: Unsafe member access .includes on an `any` value. [Warning/@typescript-eslint/no-unsafe-member-access]
/home/balevision/workspace/bleviet/ipcraft-vscode/src/webview/components/Outline.tsx:557:32: Unsafe call of an `any` typed value. [Warning/@typescript-eslint/no-unsafe-call]
/home/balevision/workspace/bleviet/ipcraft-vscode/src/webview/components/Outline.tsx:557:32: Unsafe member access .toLowerCase on an `any` value. [Warning/@typescript-eslint/no-unsafe-member-access]
/home/balevision/workspace/bleviet/ipcraft-vscode/src/webview/components/Outline.tsx:557:32: Unsafe call of an `any` typed value. [Warning/@typescript-eslint/no-unsafe-call]
/home/balevision/workspace/bleviet/ipcraft-vscode/src/webview/components/Outline.tsx:557:33: Unsafe member access .name on an `any` value. [Warning/@typescript-eslint/no-unsafe-member-access]
/home/balevision/workspace/bleviet/ipcraft-vscode/src/webview/components/Outline.tsx:566:60: Unexpected any. Specify a different type. [Warning/@typescript-eslint/no-explicit-any]
/home/balevision/workspace/bleviet/ipcraft-vscode/src/webview/components/Outline.tsx:692:17: Unexpected any. Specify a different type. [Warning/@typescript-eslint/no-explicit-any]
/home/balevision/workspace/bleviet/ipcraft-vscode/src/webview/components/Outline.tsx:698:15: Unsafe assignment of type any[] to a variable of type string[]. [Warning/@typescript-eslint/no-unsafe-assignment]
/home/balevision/workspace/bleviet/ipcraft-vscode/src/webview/components/Outline.tsx:701:17: Unsafe member access .name on an `any` value. [Warning/@typescript-eslint/no-unsafe-member-access]
/home/balevision/workspace/bleviet/ipcraft-vscode/src/webview/components/Outline.tsx:714:32: Unsafe member access .registers on an `any` value. [Warning/@typescript-eslint/no-unsafe-member-access]
/home/balevision/workspace/bleviet/ipcraft-vscode/src/webview/components/Outline.tsx:717:13: Unsafe member access .registers on an `any` value. [Warning/@typescript-eslint/no-unsafe-member-access]
/home/balevision/workspace/bleviet/ipcraft-vscode/src/webview/components/Outline.tsx:717:13: Unsafe call of an `any` typed value. [Warning/@typescript-eslint/no-unsafe-call]
/home/balevision/workspace/bleviet/ipcraft-vscode/src/webview/components/Outline.tsx:797:15: Unsafe assignment of an `any` value. [Warning/@typescript-eslint/no-unsafe-assignment]
/home/balevision/workspace/bleviet/ipcraft-vscode/src/webview/components/Outline.tsx:819:19: Unsafe assignment of an `any` value. [Warning/@typescript-eslint/no-unsafe-assignment]
/home/balevision/workspace/bleviet/ipcraft-vscode/src/webview/components/Outline.tsx:819:55: Unexpected any. Specify a different type. [Warning/@typescript-eslint/no-explicit-any]
/home/balevision/workspace/bleviet/ipcraft-vscode/src/webview/components/Outline.tsx:820:13: Unsafe return of an `any` typed value. [Warning/@typescript-eslint/no-unsafe-return]
/home/balevision/workspace/bleviet/ipcraft-vscode/src/webview/components/Outline.tsx:820:28: Unsafe member access .count on an `any` value. [Warning/@typescript-eslint/no-unsafe-member-access]

20 problems
